# JRE version: Java(TM) SE Runtime Environment (11.0.1+13) (build 11.0.1+13-LTS)
# Java VM: Java HotSpot(TM) 64-Bit Server VM (11.0.1+13-LTS, mixed mode, tiered, compressed oops, g1 gc, bsd-amd64)
Heap:
 garbage-first heap   total 126976K, used 100082K [0x0000000700000000, 0x0000000800000000)
  region size 1024K, 60 young (61440K), 5 survivors (5120K)
 Metaspace       used 74741K, capacity 77164K, committed 77392K, reserved 1116160K
  class space    used 9789K, capacity 10742K, committed 10752K, reserved 1048576K
GC Heap History (10 events):
Event: 61.378 GC heap after
{Heap after GC invocations=15 (full 1):
 garbage-first heap   total 126976K, used 39667K [0x0000000700000000, 0x0000000800000000)
  region size 1024K, 6 young (6144K), 6 survivors (6144K)
 Metaspace       used 73741K, capacity 76082K, committed 76240K, reserved 1116160K
  class space    used 9668K, capacity 10577K, committed 10624K, reserved 1048576K
}
Event: 61.996 GC heap before
{Heap before GC invocations=15 (full 1):
 garbage-first heap   total 126976K, used 98035K [0x0000000700000000, 0x0000000800000000)
  region size 1024K, 64 young (65536K), 6 survivors (6144K)
 Metaspace       used 74125K, capacity 76454K, committed 76624K, reserved 1116160K
  class space    used 9704K, capacity 10625K, committed 10752K, reserved 1048576K
}
Event: 62.003 GC heap after
{Heap after GC invocations=16 (full 1):
 garbage-first heap   total 126976K, used 42053K [0x0000000700000000, 0x0000000800000000)
  region size 1024K, 5 young (5120K), 5 survivors (5120K)
 Metaspace       used 74125K, capacity 76454K, committed 76624K, reserved 1116160K
  class space    used 9704K, capacity 10625K, committed 10752K, reserved 1048576K
}
Event: 74.246 GC heap before
{Heap before GC invocations=16 (full 1):
 garbage-first heap   total 126976K, used 92229K [0x0000000700000000, 0x0000000800000000)
  region size 1024K, 55 young (56320K), 5 survivors (5120K)
 Metaspace       used 74249K, capacity 76599K, committed 76880K, reserved 1116160K
  class space    used 9729K, capacity 10648K, committed 10752K, reserved 1048576K
}
Event: 74.315 GC heap after
{Heap after GC invocations=17 (full 2):
 garbage-first heap   total 126976K, used 38525K [0x0000000700000000, 0x0000000800000000)
  region size 1024K, 0 young (0K), 0 survivors (0K)
 Metaspace       used 74225K, capacity 76563K, committed 76880K, reserved 1116160K
  class space    used 9725K, capacity 10642K, committed 10752K, reserved 1048576K
}
Event: 74.850 GC heap before
{Heap before GC invocations=17 (full 2):
 garbage-first heap   total 126976K, used 99965K [0x0000000700000000, 0x0000000800000000)
  region size 1024K, 60 young (61440K), 0 survivors (0K)
 Metaspace       used 74339K, capacity 76719K, committed 76880K, reserved 1116160K
  class space    used 9750K, capacity 10691K, committed 10752K, reserved 1048576K
}
Event: 74.853 GC heap after
{Heap after GC invocations=18 (full 2):
 garbage-first heap   total 126976K, used 42065K [0x0000000700000000, 0x0000000800000000)
  region size 1024K, 4 young (4096K), 4 survivors (4096K)
 Metaspace       used 74339K, capacity 76719K, committed 76880K, reserved 1116160K
  class space    used 9750K, capacity 10691K, committed 10752K, reserved 1048576K
}
Event: 75.260 GC heap before
{Heap before GC invocations=18 (full 2):
 garbage-first heap   total 126976K, used 99409K [0x0000000700000000, 0x0000000800000000)
  region size 1024K, 61 young (62464K), 4 survivors (4096K)
 Metaspace       used 74441K, capacity 76865K, committed 77136K, reserved 1116160K
  class space    used 9759K, capacity 10694K, committed 10752K, reserved 1048576K
}
Event: 75.265 GC heap after
{Heap after GC invocations=19 (full 2):
 garbage-first heap   total 126976K, used 43762K [0x0000000700000000, 0x0000000800000000)
  region size 1024K, 6 young (6144K), 6 survivors (6144K)
 Metaspace       used 74441K, capacity 76865K, committed 77136K, reserved 1116160K
  class space    used 9759K, capacity 10694K, committed 10752K, reserved 1048576K
}
Event: 75.819 GC heap before
{Heap before GC invocations=19 (full 2):
 garbage-first heap   total 126976K, used 99058K [0x0000000700000000, 0x0000000800000000)
  region size 1024K, 61 young (62464K), 6 survivors (6144K)
 Metaspace       used 74741K, capacity 77164K, committed 77392K, reserved 1116160K
  class space    used 9789K, capacity 10742K, committed 10752K, reserved 1048576K
}

